app/build/intermediates/manifest_merge_blame_file/debug/manifest-merger-blame-debug-report.txt
1<?xml version="1.0" encoding="utf-8"?>
2<manifest xmlns:android="http://schemas.android.com/apk/res/android"
3    package="com.gaurashtra.app"
4    android:versionCode="14"
5    android:versionName="14.0" >
6
7    <uses-sdk
8        android:minSdkVersion="20"
8-->src\main\AndroidManifest.xml
9        android:targetSdkVersion="29" />
9-->src\main\AndroidManifest.xml
10
11    <uses-permission android:name="android.permission.INTERNET" />
11-->src\main\AndroidManifest.xml:6:5-67
11-->src\main\AndroidManifest.xml:6:22-64
12    <uses-permission android:name="android.permission.ACCESS_NETWORK_STATE" />
12-->src\main\AndroidManifest.xml:7:5-79
12-->src\main\AndroidManifest.xml:7:22-76
13    <uses-permission android:name="android.permission.WRITE_EXTERNAL_STORAGE" />
13-->src\main\AndroidManifest.xml:8:5-81
13-->src\main\AndroidManifest.xml:8:22-78
14    <uses-permission android:name="android.permission.GET_ACCOUNTS" />
14-->src\main\AndroidManifest.xml:9:5-71
14-->src\main\AndroidManifest.xml:9:22-68
15    <uses-permission android:name="android.permission.READ_EXTERNAL_STORAGE" />
15-->src\main\AndroidManifest.xml:10:5-80
15-->src\main\AndroidManifest.xml:10:22-77
16    <uses-permission android:name="android.permission.ACCESS_WIFI_STATE" /> <!-- Require below permissions for reading sms and otp assist feature -->
16-->[com.payumoney.core:payumoney-sdk:7.6.0] AndroidManifest.xml:13:5-76
16-->[com.payumoney.core:payumoney-sdk:7.6.0] AndroidManifest.xml:13:22-73
17    <!--
18    <uses-permission android:name="android.permission.READ_SMS" />
19    <uses-permission android:name="android.permission.READ_PHONE_STATE" />
20    -->
21    <uses-feature
21-->[com.payumoney.core:payumoney-sdk:7.6.0] AndroidManifest.xml:24:5-26:36
22        android:name="android.hardware.telephony"
22-->[com.payumoney.core:payumoney-sdk:7.6.0] AndroidManifest.xml:25:9-50
23        android:required="false" />
23-->[com.payumoney.core:payumoney-sdk:7.6.0] AndroidManifest.xml:26:9-33
24
25    <uses-permission android:name="android.permission.WAKE_LOCK" /> <!-- Required by older versions of Google Play services to create IID tokens -->
25-->[com.google.android.gms:play-services-measurement-api:17.4.3] AndroidManifest.xml:24:5-68
25-->[com.google.android.gms:play-services-measurement-api:17.4.3] AndroidManifest.xml:24:22-65
26    <uses-permission android:name="com.google.android.c2dm.permission.RECEIVE" />
26-->[com.google.firebase:firebase-iid:20.2.2] AndroidManifest.xml:26:5-82
26-->[com.google.firebase:firebase-iid:20.2.2] AndroidManifest.xml:26:22-79
27    <uses-permission android:name="com.google.android.finsky.permission.BIND_GET_INSTALL_REFERRER_SERVICE" /> <!-- Permission will be merged into the manifest of the hosting app. -->
27-->[com.google.android.gms:play-services-measurement:17.4.3] AndroidManifest.xml:26:5-110
27-->[com.google.android.gms:play-services-measurement:17.4.3] AndroidManifest.xml:26:22-107
28    <!-- Is required to launch foreground extraction service for targetSdkVersion 28+. -->
29    <uses-permission android:name="android.permission.FOREGROUND_SERVICE" />
29-->[com.google.android.play:core:1.8.0] AndroidManifest.xml:8:3-74
29-->[com.google.android.play:core:1.8.0] AndroidManifest.xml:8:20-72
30    <uses-permission android:name="android.permission.CAMERA" />
30-->[io.card:android-sdk:5.5.1] AndroidManifest.xml:9:5-65
30-->[io.card:android-sdk:5.5.1] AndroidManifest.xml:9:22-62
31    <uses-permission android:name="android.permission.VIBRATE" />
31-->[io.card:android-sdk:5.5.1] AndroidManifest.xml:10:5-66
31-->[io.card:android-sdk:5.5.1] AndroidManifest.xml:10:22-63
32
33    <uses-feature
33-->[io.card:android-sdk:5.5.1] AndroidManifest.xml:12:5-14:36
34        android:name="android.hardware.camera"
34-->[io.card:android-sdk:5.5.1] AndroidManifest.xml:13:9-47
35        android:required="false" />
35-->[io.card:android-sdk:5.5.1] AndroidManifest.xml:14:9-33
36    <uses-feature
36-->[io.card:android-sdk:5.5.1] AndroidManifest.xml:15:5-17:36
37        android:name="android.hardware.camera.autofocus"
37-->[io.card:android-sdk:5.5.1] AndroidManifest.xml:16:9-57
38        android:required="false" />
38-->[io.card:android-sdk:5.5.1] AndroidManifest.xml:17:9-33
39
40    <application
40-->src\main\AndroidManifest.xml:12:5-184:19
41        android:name="androidx.multidex.MultiDexApplication"
42        android:allowBackup="false"
42-->src\main\AndroidManifest.xml:13:9-36
43        android:appComponentFactory="androidx.core.app.CoreComponentFactory"
43-->[androidx.core:core:1.1.0] AndroidManifest.xml:24:18-86
44        android:debuggable="true"
45        android:hardwareAccelerated="true"
45-->src\main\AndroidManifest.xml:14:9-43
46        android:icon="@mipmap/ic_launcher"
46-->src\main\AndroidManifest.xml:15:9-43
47        android:label="@string/app_name"
47-->src\main\AndroidManifest.xml:16:9-41
48        android:largeHeap="true"
48-->src\main\AndroidManifest.xml:17:9-33
49        android:networkSecurityConfig="@xml/network_security_config"
49-->src\main\AndroidManifest.xml:18:9-69
50        android:supportsRtl="true"
50-->src\main\AndroidManifest.xml:19:9-35
51        android:testOnly="true"
52        android:theme="@style/AppTheme"
52-->src\main\AndroidManifest.xml:20:9-40
53        android:usesCleartextTraffic="false"
53-->[com.payu.custombrowser:payu-custom-browser:7.5.1] AndroidManifest.xml:17:18-54
54        android:windowSoftInputMode="adjustPan" >
54-->[com.payumoney.core:payumoney-sdk:7.6.0] AndroidManifest.xml:30:9-48
55        <activity android:name="com.gaurashtra.app.view.activity.WalletActivity" />
55-->src\main\AndroidManifest.xml:21:9-75
55-->src\main\AndroidManifest.xml:21:19-63
56        <activity android:name="com.gaurashtra.app.view.activity.ThankyouActivity" />
56-->src\main\AndroidManifest.xml:22:9-68
56-->src\main\AndroidManifest.xml:22:19-65
57        <activity android:name="com.gaurashtra.app.view.activity.ContactUsActivity" />
57-->src\main\AndroidManifest.xml:23:9-69
57-->src\main\AndroidManifest.xml:23:19-66
58
59        <service
59-->src\main\AndroidManifest.xml:25:9-29:45
60            android:name="com.gaurashtra.app.Utils.UserUpdate"
60-->src\main\AndroidManifest.xml:26:13-45
61            android:enabled="true"
61-->src\main\AndroidManifest.xml:27:13-35
62            android:exported="true" />
62-->src\main\AndroidManifest.xml:28:13-36
63
64        <activity
64-->src\main\AndroidManifest.xml:31:9-33:58
65            android:name="com.gaurashtra.app.view.activity.AddressFormActivity"
65-->src\main\AndroidManifest.xml:32:13-62
66            android:windowSoftInputMode="adjustResize" />
66-->src\main\AndroidManifest.xml:33:13-55
67        <activity
67-->src\main\AndroidManifest.xml:34:9-36:57
68            android:name="com.gaurashtra.app.view.activity.OptionsActivity"
68-->src\main\AndroidManifest.xml:35:13-58
69            android:windowSoftInputMode="stateHidden" />
69-->src\main\AndroidManifest.xml:36:13-54
70        <activity
70-->src\main\AndroidManifest.xml:37:9-39:59
71            android:name="com.gaurashtra.app.view.activity.AllReviewsActivity"
71-->src\main\AndroidManifest.xml:38:13-61
72            android:theme="@style/AppTheme.NoActionBar" />
72-->src\main\AndroidManifest.xml:39:13-56
73        <activity android:name="com.gaurashtra.app.view.activity.PaymentPayUmoneyActivity" />
73-->src\main\AndroidManifest.xml:40:9-76
73-->src\main\AndroidManifest.xml:40:19-73
74        <activity android:name="com.gaurashtra.app.view.activity.MyReviewsActivity" />
74-->src\main\AndroidManifest.xml:41:9-69
74-->src\main\AndroidManifest.xml:41:19-66
75        <activity
75-->src\main\AndroidManifest.xml:42:9-44:58
76            android:name="com.gaurashtra.app.view.activity.SearchProductActivity"
76-->src\main\AndroidManifest.xml:43:13-64
77            android:windowSoftInputMode="stateVisible" />
77-->src\main\AndroidManifest.xml:44:13-55
78
79        <meta-data
79-->src\main\AndroidManifest.xml:46:9-48:50
80            android:name="com.razorpay.ApiKey"
80-->src\main\AndroidManifest.xml:47:13-47
81            android:value="@string/rzp_apikey" />
81-->src\main\AndroidManifest.xml:48:13-47
82        <meta-data
82-->src\main\AndroidManifest.xml:49:9-51:55
83            android:name="com.facebook.sdk.ApplicationId"
83-->src\main\AndroidManifest.xml:50:13-58
84            android:value="@string/facebook_app_id" />
84-->src\main\AndroidManifest.xml:51:13-52
85
86        <activity
86-->src\main\AndroidManifest.xml:53:9-56:48
87            android:name="com.facebook.FacebookActivity"
87-->src\main\AndroidManifest.xml:54:13-57
88            android:configChanges="keyboard|keyboardHidden|screenLayout|screenSize|orientation"
88-->src\main\AndroidManifest.xml:55:13-96
89            android:label="@string/app_name"
89-->src\main\AndroidManifest.xml:56:13-45
90            android:theme="@style/com_facebook_activity_theme" />
90-->[com.facebook.android:facebook-common:5.12.1] AndroidManifest.xml:32:13-63
91        <activity
91-->src\main\AndroidManifest.xml:57:9-68:20
92            android:name="com.facebook.CustomTabActivity"
92-->src\main\AndroidManifest.xml:58:13-58
93            android:exported="true" >
93-->src\main\AndroidManifest.xml:59:13-36
94            <intent-filter>
94-->src\main\AndroidManifest.xml:60:13-67:29
95                <action android:name="android.intent.action.VIEW" />
95-->src\main\AndroidManifest.xml:61:17-69
95-->src\main\AndroidManifest.xml:61:25-66
96
97                <category android:name="android.intent.category.DEFAULT" />
97-->src\main\AndroidManifest.xml:63:17-76
97-->src\main\AndroidManifest.xml:63:27-73
98                <category android:name="android.intent.category.BROWSABLE" />
98-->src\main\AndroidManifest.xml:64:17-78
98-->src\main\AndroidManifest.xml:64:27-75
99
100                <data android:scheme="@string/fb_login_protocol_scheme" />
100-->src\main\AndroidManifest.xml:66:17-75
100-->src\main\AndroidManifest.xml:66:23-72
101            </intent-filter>
102        </activity>
103        <activity
103-->src\main\AndroidManifest.xml:69:9-72:52
104            android:name="com.paytm.pgsdk.PaytmPGActivity"
104-->src\main\AndroidManifest.xml:70:13-59
105            android:configChanges="keyboardHidden|orientation|keyboard"
105-->src\main\AndroidManifest.xml:71:13-72
106            android:screenOrientation="portrait"
106-->src\main\AndroidManifest.xml:72:13-49
107            android:theme="@style/AppTheme" />
107-->[com.paytm:pgplussdk:1.4.4] AndroidManifest.xml:17:13-44
108        <activity
108-->src\main\AndroidManifest.xml:73:9-76:67
109            android:name="com.gaurashtra.app.view.activity.ProductByBrand"
109-->src\main\AndroidManifest.xml:74:13-57
110            android:screenOrientation="portrait"
110-->src\main\AndroidManifest.xml:75:13-49
111            android:windowSoftInputMode="adjustPan|stateHidden" />
111-->src\main\AndroidManifest.xml:76:13-64
112        <activity android:name="com.gaurashtra.app.view.activity.AskQuestionActivity" />
112-->src\main\AndroidManifest.xml:77:9-71
112-->src\main\AndroidManifest.xml:77:19-68
113        <activity
113-->src\main\AndroidManifest.xml:78:9-86:20
114            android:name="com.gaurashtra.app.view.activity.SplashActivity"
114-->src\main\AndroidManifest.xml:79:13-57
115            android:theme="@style/AppTheme.NoActionBar" >
115-->src\main\AndroidManifest.xml:80:13-56
116            <intent-filter>
116-->src\main\AndroidManifest.xml:81:13-85:29
117                <action android:name="android.intent.action.MAIN" />
117-->src\main\AndroidManifest.xml:82:17-69
117-->src\main\AndroidManifest.xml:82:25-66
118
119                <category android:name="android.intent.category.LAUNCHER" />
119-->src\main\AndroidManifest.xml:84:17-77
119-->src\main\AndroidManifest.xml:84:27-74
120            </intent-filter>
121        </activity>
122        <activity android:name="com.gaurashtra.app.view.base.ParentActivity" />
122-->src\main\AndroidManifest.xml:87:9-62
122-->src\main\AndroidManifest.xml:87:19-59
123        <activity
123-->src\main\AndroidManifest.xml:88:9-91:58
124            android:name="com.gaurashtra.app.view.activity.RegisterActivity"
124-->src\main\AndroidManifest.xml:89:13-59
125            android:theme="@style/AppTheme.NoActionBar"
125-->src\main\AndroidManifest.xml:90:13-56
126            android:windowSoftInputMode="adjustResize" />
126-->src\main\AndroidManifest.xml:91:13-55
127        <activity
127-->src\main\AndroidManifest.xml:92:9-95:59
128            android:name="com.gaurashtra.app.view.activity.LoginActivity"
128-->src\main\AndroidManifest.xml:93:13-56
129            android:theme="@style/AppTheme.NoActionBar"
129-->src\main\AndroidManifest.xml:94:13-56
130            android:windowSoftInputMode="adjustNothing" />
130-->src\main\AndroidManifest.xml:95:13-56
131        <activity
131-->src\main\AndroidManifest.xml:96:9-99:59
132            android:name="com.gaurashtra.app.view.activity.ForgotActivity"
132-->src\main\AndroidManifest.xml:97:13-57
133            android:theme="@style/AppTheme.NoActionBar"
133-->src\main\AndroidManifest.xml:98:13-56
134            android:windowSoftInputMode="adjustNothing" />
134-->src\main\AndroidManifest.xml:99:13-56
135        <activity
135-->src\main\AndroidManifest.xml:100:9-104:81
136            android:name="com.gaurashtra.app.view.activity.HomeActivity"
136-->src\main\AndroidManifest.xml:101:13-55
137            android:configChanges="orientation|keyboardHidden|screenSize"
137-->src\main\AndroidManifest.xml:102:13-74
138            android:screenOrientation="portrait"
138-->src\main\AndroidManifest.xml:103:13-49
139            android:windowSoftInputMode="stateVisible|adjustPan|adjustResize" />
139-->src\main\AndroidManifest.xml:104:13-78
140        <activity
140-->src\main\AndroidManifest.xml:105:9-108:68
141            android:name="com.gaurashtra.app.view.activity.ProductListActivity"
141-->src\main\AndroidManifest.xml:106:13-62
142            android:screenOrientation="portrait"
142-->src\main\AndroidManifest.xml:107:13-49
143            android:windowSoftInputMode="adjustPan|adjustResize" />
143-->src\main\AndroidManifest.xml:108:13-65
144        <activity
144-->src\main\AndroidManifest.xml:109:9-150:20
145            android:name="com.gaurashtra.app.view.activity.ProductDetailActivity"
145-->src\main\AndroidManifest.xml:110:13-64
146            android:launchMode="singleTask"
146-->src\main\AndroidManifest.xml:111:13-44
147            android:windowSoftInputMode="adjustPan|adjustResize" >
147-->src\main\AndroidManifest.xml:112:13-65
148            <intent-filter>
148-->src\main\AndroidManifest.xml:113:13-115:29
149                <category android:name="android.intent.category.LAUNCHER" />
149-->src\main\AndroidManifest.xml:84:17-77
149-->src\main\AndroidManifest.xml:84:27-74
150            </intent-filter>
151            <!-- Branch URI scheme -->
152            <intent-filter>
152-->src\main\AndroidManifest.xml:117:13-126:29
153                <data
153-->src\main\AndroidManifest.xml:66:17-75
154                    android:host="www.gaurashtra.com/"
154-->src\main\AndroidManifest.xml:119:21-55
155                    android:scheme="http" />
155-->src\main\AndroidManifest.xml:66:23-72
156
157                <action android:name="android.intent.action.VIEW" />
157-->src\main\AndroidManifest.xml:61:17-69
157-->src\main\AndroidManifest.xml:61:25-66
158
159                <category android:name="android.intent.category.DEFAULT" />
159-->src\main\AndroidManifest.xml:63:17-76
159-->src\main\AndroidManifest.xml:63:27-73
160                <category android:name="android.intent.category.BROWSABLE" />
160-->src\main\AndroidManifest.xml:64:17-78
160-->src\main\AndroidManifest.xml:64:27-75
161            </intent-filter>
162            <intent-filter>
162-->src\main\AndroidManifest.xml:127:13-136:29
163                <data
163-->src\main\AndroidManifest.xml:66:17-75
164                    android:host="www.gaurashtra.com/"
164-->src\main\AndroidManifest.xml:119:21-55
165                    android:scheme="https" />
165-->src\main\AndroidManifest.xml:66:23-72
166
167                <action android:name="android.intent.action.VIEW" />
167-->src\main\AndroidManifest.xml:61:17-69
167-->src\main\AndroidManifest.xml:61:25-66
168
169                <category android:name="android.intent.category.DEFAULT" />
169-->src\main\AndroidManifest.xml:63:17-76
169-->src\main\AndroidManifest.xml:63:27-73
170                <category android:name="android.intent.category.BROWSABLE" />
170-->src\main\AndroidManifest.xml:64:17-78
170-->src\main\AndroidManifest.xml:64:27-75
171            </intent-filter>
172            <!-- <intent-filter> -->
173            <!-- <data -->
174            <!-- android:host="open" -->
175            <!-- android:pathPattern="product" -->
176            <!-- android:scheme="app" /> -->
177
178
179            <!-- <action android:name="android.intent.action.VIEW" /> -->
180
181
182            <!-- <category android:name="android.intent.category.DEFAULT" /> -->
183            <!-- <category android:name="android.intent.category.BROWSABLE" /> -->
184            <!-- </intent-filter> -->
185        </activity> <!-- Branch init -->
186        <!-- <meta-data -->
187        <!-- android:name="io.branch.sdk.BranchKey" -->
188        <!-- android:value="key_live_gkJKLudII0NzV5o0mSFs5jomAvn78MMx" /> &lt;!&ndash; Branch testing (TestMode "true" to simulate fresh installs on dev environment) &ndash;&gt; -->
189        <!-- <meta-data -->
190        <!-- android:name="io.branch.sdk.TestMode" -->
191        <!-- android:value="false" /> -->
192        <activity android:name="com.gaurashtra.app.view.activity.BrandActivity" />
192-->src\main\AndroidManifest.xml:157:9-65
192-->src\main\AndroidManifest.xml:157:19-62
193        <activity
193-->src\main\AndroidManifest.xml:158:9-160:57
194            android:name="com.gaurashtra.app.view.activity.BrandListActivity"
194-->src\main\AndroidManifest.xml:159:13-60
195            android:windowSoftInputMode="stateHidden" />
195-->src\main\AndroidManifest.xml:160:13-54
196        <activity android:name="com.gaurashtra.app.view.activity.CartActivity" />
196-->src\main\AndroidManifest.xml:161:9-64
196-->src\main\AndroidManifest.xml:161:19-61
197        <activity android:name="com.gaurashtra.app.view.activity.DelieveryAddressActivity" />
197-->src\main\AndroidManifest.xml:162:9-76
197-->src\main\AndroidManifest.xml:162:19-73
198        <activity android:name="com.gaurashtra.app.view.activity.ConfirmOrderActivity" />
198-->src\main\AndroidManifest.xml:163:9-72
198-->src\main\AndroidManifest.xml:163:19-69
199        <activity android:name="com.gaurashtra.app.view.activity.PaymentMethodActivity" />
199-->src\main\AndroidManifest.xml:164:9-73
199-->src\main\AndroidManifest.xml:164:19-70
200        <activity android:name="com.gaurashtra.app.view.activity.ProfileActivity" />
200-->src\main\AndroidManifest.xml:165:9-67
200-->src\main\AndroidManifest.xml:165:19-64
201        <activity android:name="com.gaurashtra.app.view.activity.AddressActivity" />
201-->src\main\AndroidManifest.xml:166:9-67
201-->src\main\AndroidManifest.xml:166:19-64
202        <activity android:name="com.gaurashtra.app.view.activity.OrdersActivity" />
202-->src\main\AndroidManifest.xml:167:9-66
202-->src\main\AndroidManifest.xml:167:19-63
203        <activity android:name="com.gaurashtra.app.view.activity.WishListActivity" />
203-->src\main\AndroidManifest.xml:168:9-68
203-->src\main\AndroidManifest.xml:168:19-65
204        <activity android:name="com.gaurashtra.app.view.activity.ChangePassActivity" />
204-->src\main\AndroidManifest.xml:169:9-70
204-->src\main\AndroidManifest.xml:169:19-67
205        <activity android:name="com.gaurashtra.app.view.activity.OrderDetailActivity" />
205-->src\main\AndroidManifest.xml:170:9-71
205-->src\main\AndroidManifest.xml:170:19-68
206        <activity
206-->src\main\AndroidManifest.xml:171:9-174:59
207            android:name="com.gaurashtra.app.view.activity.ResetPasswordActivity"
207-->src\main\AndroidManifest.xml:172:13-64
208            android:theme="@style/AppTheme.NoActionBar"
208-->src\main\AndroidManifest.xml:173:13-56
209            android:windowSoftInputMode="adjustNothing" />
209-->src\main\AndroidManifest.xml:174:13-56
210        <activity android:name="com.gaurashtra.app.view.activity.NotificationActivity" />
210-->src\main\AndroidManifest.xml:175:9-72
210-->src\main\AndroidManifest.xml:175:19-69
211
212        <service
212-->src\main\AndroidManifest.xml:177:9-183:19
213            android:name="com.gaurashtra.app.Utils.FirebaseMessagingService"
213-->src\main\AndroidManifest.xml:178:13-59
214            android:stopWithTask="false" >
214-->src\main\AndroidManifest.xml:179:13-41
215            <intent-filter>
215-->src\main\AndroidManifest.xml:180:13-182:29
216                <action android:name="com.google.firebase.MESSAGING_EVENT" />
216-->src\main\AndroidManifest.xml:181:17-78
216-->src\main\AndroidManifest.xml:181:25-75
217            </intent-filter>
218        </service>
219
220        <activity
220-->[com.payumoney.sdkui:plug-n-play:1.6.0] AndroidManifest.xml:19:9-24:55
221            android:name="com.payumoney.sdkui.ui.activities.PayUmoneyActivity"
221-->[com.payumoney.sdkui:plug-n-play:1.6.0] AndroidManifest.xml:20:13-79
222            android:label="@string/title_activity_citrus"
222-->[com.payumoney.sdkui:plug-n-play:1.6.0] AndroidManifest.xml:21:13-58
223            android:screenOrientation="portrait"
223-->[com.payumoney.sdkui:plug-n-play:1.6.0] AndroidManifest.xml:22:13-49
224            android:theme="@style/PayumoneyAppTheme"
224-->[com.payumoney.sdkui:plug-n-play:1.6.0] AndroidManifest.xml:23:13-53
225            android:windowSoftInputMode="adjustPan" />
225-->[com.payumoney.sdkui:plug-n-play:1.6.0] AndroidManifest.xml:24:13-52
226        <activity
226-->[com.payumoney.sdkui:plug-n-play:1.6.0] AndroidManifest.xml:25:9-28:56
227            android:name="com.payumoney.sdkui.ui.activities.ReviewOrderActivity"
227-->[com.payumoney.sdkui:plug-n-play:1.6.0] AndroidManifest.xml:26:13-81
228            android:screenOrientation="portrait"
228-->[com.payumoney.sdkui:plug-n-play:1.6.0] AndroidManifest.xml:27:13-49
229            android:theme="@style/PayumoneyAppTheme" />
229-->[com.payumoney.sdkui:plug-n-play:1.6.0] AndroidManifest.xml:28:13-53
230        <activity
230-->[com.payumoney.core:payumoney-sdk:7.6.0] AndroidManifest.xml:31:9-34:72
231            android:name="com.payumoney.core.SdkWebViewActivityNew"
231-->[com.payumoney.core:payumoney-sdk:7.6.0] AndroidManifest.xml:32:13-68
232            android:screenOrientation="portrait"
232-->[com.payumoney.core:payumoney-sdk:7.6.0] AndroidManifest.xml:33:13-49
233            android:theme="@style/Theme.AppCompat.Light.NoActionBar" />
233-->[com.payumoney.core:payumoney-sdk:7.6.0] AndroidManifest.xml:34:13-69
234        <activity
234-->[com.payumoney.core:payumoney-sdk:7.6.0] AndroidManifest.xml:35:9-40:59
235            android:name="com.payu.custombrowser.CBActivity"
235-->[com.payumoney.core:payumoney-sdk:7.6.0] AndroidManifest.xml:36:13-61
236            android:screenOrientation="portrait"
236-->[com.payumoney.core:payumoney-sdk:7.6.0] AndroidManifest.xml:37:13-49
237            android:theme="@style/Theme.AppCompat"
237-->[com.payumoney.core:payumoney-sdk:7.6.0] AndroidManifest.xml:38:13-51
238            android:windowSoftInputMode="stateAlwaysHidden" />
238-->[com.payumoney.core:payumoney-sdk:7.6.0] AndroidManifest.xml:39:13-60
239        <activity android:name="com.facebook.CustomTabMainActivity" />
239-->[com.facebook.android:facebook-common:5.12.1] AndroidManifest.xml:33:9-71
239-->[com.facebook.android:facebook-common:5.12.1] AndroidManifest.xml:33:19-68
240
241        <service android:name="com.payu.custombrowser.services.SnoozeService" />
241-->[com.payu.custombrowser:payu-custom-browser:7.5.1] AndroidManifest.xml:23:9-81
241-->[com.payu.custombrowser:payu-custom-browser:7.5.1] AndroidManifest.xml:23:18-78
242
243        <activity android:name="com.payu.custombrowser.PreLollipopPaymentsActivity" >
243-->[com.payu.custombrowser:payu-custom-browser:7.5.1] AndroidManifest.xml:25:9-42:20
243-->[com.payu.custombrowser:payu-custom-browser:7.5.1] AndroidManifest.xml:25:19-84
244            <intent-filter>
244-->[com.payu.custombrowser:payu-custom-browser:7.5.1] AndroidManifest.xml:26:13-33:29
245                <data android:scheme="com.gaurashtra.app.success" />
245-->src\main\AndroidManifest.xml:66:17-75
245-->src\main\AndroidManifest.xml:66:23-72
246
247                <action android:name="android.intent.action.VIEW" />
247-->src\main\AndroidManifest.xml:61:17-69
247-->src\main\AndroidManifest.xml:61:25-66
248
249                <category android:name="android.intent.category.DEFAULT" />
249-->src\main\AndroidManifest.xml:63:17-76
249-->src\main\AndroidManifest.xml:63:27-73
250                <category android:name="android.intent.category.BROWSABLE" />
250-->src\main\AndroidManifest.xml:64:17-78
250-->src\main\AndroidManifest.xml:64:27-75
251            </intent-filter>
252            <intent-filter>
252-->[com.payu.custombrowser:payu-custom-browser:7.5.1] AndroidManifest.xml:34:13-41:29
253                <data android:scheme="com.gaurashtra.app.failure" />
253-->src\main\AndroidManifest.xml:66:17-75
253-->src\main\AndroidManifest.xml:66:23-72
254
255                <action android:name="android.intent.action.VIEW" />
255-->src\main\AndroidManifest.xml:61:17-69
255-->src\main\AndroidManifest.xml:61:25-66
256
257                <category android:name="android.intent.category.DEFAULT" />
257-->src\main\AndroidManifest.xml:63:17-76
257-->src\main\AndroidManifest.xml:63:27-73
258                <category android:name="android.intent.category.BROWSABLE" />
258-->src\main\AndroidManifest.xml:64:17-78
258-->src\main\AndroidManifest.xml:64:27-75
259            </intent-filter>
260        </activity>
261        <activity android:name="com.payu.custombrowser.PrePaymentsActivity" />
261-->[com.payu.custombrowser:payu-custom-browser:7.5.1] AndroidManifest.xml:43:9-79
261-->[com.payu.custombrowser:payu-custom-browser:7.5.1] AndroidManifest.xml:43:19-76
262        <activity
262-->[com.payu.upisdk:upisdk:1.0.2] AndroidManifest.xml:14:9-17:63
263            android:name="com.payu.upisdk.upiintent.PaymentResponseUpiSdkActivity"
263-->[com.payu.upisdk:upisdk:1.0.2] AndroidManifest.xml:15:13-83
264            android:theme="@style/Theme.AppCompat.Transparent.NoActionBar"
264-->[com.payu.upisdk:upisdk:1.0.2] AndroidManifest.xml:16:13-75
265            android:windowSoftInputMode="stateAlwaysHidden" />
265-->[com.payu.upisdk:upisdk:1.0.2] AndroidManifest.xml:17:13-60
266
267        <service
267-->[com.google.firebase:firebase-crashlytics:17.2.1] AndroidManifest.xml:13:9-19:19
268            android:name="com.google.firebase.components.ComponentDiscoveryService"
268-->[com.google.firebase:firebase-crashlytics:17.2.1] AndroidManifest.xml:14:13-84
269            android:directBootAware="true"
269-->[com.google.firebase:firebase-common:19.3.1] AndroidManifest.xml:35:13-43
270            android:exported="false" >
270-->[com.google.firebase:firebase-crashlytics:17.2.1] AndroidManifest.xml:15:13-37
271            <meta-data
271-->[com.google.firebase:firebase-crashlytics:17.2.1] AndroidManifest.xml:16:13-18:85
272                android:name="com.google.firebase.components:com.google.firebase.crashlytics.CrashlyticsRegistrar"
272-->[com.google.firebase:firebase-crashlytics:17.2.1] AndroidManifest.xml:17:17-115
273                android:value="com.google.firebase.components.ComponentRegistrar" />
273-->[com.google.firebase:firebase-crashlytics:17.2.1] AndroidManifest.xml:18:17-82
274            <meta-data
274-->[com.google.firebase:firebase-auth:19.3.1] AndroidManifest.xml:36:13-38:85
275                android:name="com.google.firebase.components:com.google.firebase.auth.FirebaseAuthRegistrar"
275-->[com.google.firebase:firebase-auth:19.3.1] AndroidManifest.xml:37:17-109
276                android:value="com.google.firebase.components.ComponentRegistrar" />
276-->[com.google.firebase:firebase-auth:19.3.1] AndroidManifest.xml:38:17-82
277            <meta-data
277-->[com.google.firebase:firebase-messaging:20.2.2] AndroidManifest.xml:39:13-41:85
278                android:name="com.google.firebase.components:com.google.firebase.messaging.FirebaseMessagingRegistrar"
278-->[com.google.firebase:firebase-messaging:20.2.2] AndroidManifest.xml:40:17-119
279                android:value="com.google.firebase.components.ComponentRegistrar" />
279-->[com.google.firebase:firebase-messaging:20.2.2] AndroidManifest.xml:41:17-82
280            <meta-data
280-->[com.google.android.gms:play-services-measurement-api:17.4.3] AndroidManifest.xml:30:13-32:85
281                android:name="com.google.firebase.components:com.google.firebase.analytics.connector.internal.AnalyticsConnectorRegistrar"
281-->[com.google.android.gms:play-services-measurement-api:17.4.3] AndroidManifest.xml:31:17-139
282                android:value="com.google.firebase.components.ComponentRegistrar" />
282-->[com.google.android.gms:play-services-measurement-api:17.4.3] AndroidManifest.xml:32:17-82
283            <meta-data
283-->[com.google.firebase:firebase-iid:20.2.2] AndroidManifest.xml:32:13-34:85
284                android:name="com.google.firebase.components:com.google.firebase.iid.Registrar"
284-->[com.google.firebase:firebase-iid:20.2.2] AndroidManifest.xml:33:17-96
285                android:value="com.google.firebase.components.ComponentRegistrar" />
285-->[com.google.firebase:firebase-iid:20.2.2] AndroidManifest.xml:34:17-82
286            <meta-data
286-->[com.google.firebase:firebase-installations:16.3.3] AndroidManifest.xml:17:13-19:85
287                android:name="com.google.firebase.components:com.google.firebase.installations.FirebaseInstallationsRegistrar"